<?xml version="1.0" encoding="UTF-8"?>
<!-- Generated by org.testng.reporters.JUnitReportReporter -->
<testsuite hostname="DESKTOP-9NEQMQ7" failures="0" tests="4" name="tests.ChangeMyPasswordTest" time="9.881" errors="0" timestamp="2023-11-22T10:27:35 WAT" skipped="0">
  <testcase classname="tests.ChangeMyPasswordTest" name="UserRegisterInSucess" time="2.880"/>
  <testcase classname="tests.ChangeMyPasswordTest" name="UserLogInSucess" time="1.388"/>
  <testcase classname="tests.ChangeMyPasswordTest" name="changeMyPassword" time="1.845"/>
  <testcase classname="tests.ChangeMyPasswordTest" name="LogoutLoginCheck" time="3.768"/>
</testsuite> <!-- tests.ChangeMyPasswordTest -->
