<?xml version="1.0" encoding="UTF-8"?>
<!-- Generated by org.testng.reporters.JUnitReportReporter -->
<testsuite hostname="DESKTOP-9NEQMQ7" failures="0" tests="2" name="tests.UserRegistrationTEST_DDT" time="9.548" errors="0" timestamp="2023-11-14T08:57:58 WAT" skipped="0">
  <testcase classname="tests.UserRegistrationTEST_DDT" name="UserRegisterInSucess" time="5.432"/>
  <testcase classname="tests.UserRegistrationTEST_DDT" name="UserRegisterInSucess" time="4.116"/>
</testsuite> <!-- tests.UserRegistrationTEST_DDT -->
