<?xml version="1.0" encoding="UTF-8"?>
<!-- Generated by org.testng.reporters.JUnitReportReporter -->
<testsuite hostname="DESKTOP-9NEQMQ7" failures="0" tests="1" name="tests.SearchProdusingSuggestions" time="2.551" errors="0" timestamp="2023-11-22T10:27:35 WAT" skipped="0">
  <testcase classname="tests.SearchProdusingSuggestions" name="SearchProduct" time="2.551"/>
</testsuite> <!-- tests.SearchProdusingSuggestions -->
