<?xml version="1.0" encoding="UTF-8"?>
<!-- Generated by org.testng.reporters.JUnitReportReporter -->
<testsuite hostname="DESKTOP-9NEQMQ7" failures="0" tests="6" name="tests.EmailTofriendTest" time="11.430" errors="0" timestamp="2023-11-22T10:27:35 WAT" skipped="0">
  <testcase classname="tests.EmailTofriendTest" name="RegisterANDLogin" time="4.378"/>
  <testcase classname="tests.EmailTofriendTest" name="SearchProduct" time="0.775"/>
  <testcase classname="tests.EmailTofriendTest" name="emailtofriendxxRegistred" time="2.028"/>
  <testcase classname="tests.EmailTofriendTest" name="logout" time="1.284"/>
  <testcase classname="tests.EmailTofriendTest" name="SearchProduct2" time="1.250"/>
  <testcase classname="tests.EmailTofriendTest" name="emailtofriendxxNonRegistred" time="1.715"/>
</testsuite> <!-- tests.EmailTofriendTest -->
