<?xml version="1.0" encoding="UTF-8"?>
<!-- Generated by org.testng.reporters.JUnitReportReporter -->
<testsuite hostname="DESKTOP-9NEQMQ7" failures="0" tests="1" name="tests.HoverMenuTest" time="1.933" errors="0" timestamp="2023-11-15T22:12:37 WAT" skipped="0">
  <testcase classname="tests.HoverMenuTest" name="HoverOverMenu" time="1.933"/>
</testsuite> <!-- tests.HoverMenuTest -->
