<?xml version="1.0" encoding="UTF-8"?>
<!-- Generated by org.testng.reporters.JUnitReportReporter -->
<testsuite hostname="DESKTOP-9NEQMQ7" failures="0" tests="1" name="tests.ContactusTEST" time="2.725" errors="0" timestamp="2023-11-14T11:59:46 WAT" skipped="0">
  <testcase classname="tests.ContactusTEST" name="contactUsTTS" time="2.725"/>
</testsuite> <!-- tests.ContactusTEST -->
