<?xml version="1.0" encoding="UTF-8"?>
<!-- Generated by org.testng.reporters.JUnitReportReporter -->
<testsuite hostname="DESKTOP-9NEQMQ7" failures="0" tests="4" name="tests.AddToShoppingCartTest" time="17.864" errors="0" timestamp="2023-11-22T10:27:35 WAT" skipped="0">
  <testcase classname="tests.AddToShoppingCartTest" name="HoverOverMenu" time="2.264"/>
  <testcase classname="tests.AddToShoppingCartTest" name="AddToshopCart" time="13.325"/>
  <testcase classname="tests.AddToShoppingCartTest" name="Flyoutcartcheck" time="0.276"/>
  <testcase classname="tests.AddToShoppingCartTest" name="checkShoppingcart" time="1.999"/>
</testsuite> <!-- tests.AddToShoppingCartTest -->
