<?xml version="1.0" encoding="UTF-8"?>
<!-- Generated by org.testng.reporters.JUnitReportReporter -->
<testsuite hostname="DESKTOP-9NEQMQ7" failures="0" tests="3" name="tests.AddreviewTEST" time="17.405" errors="0" timestamp="2023-11-22T10:27:35 WAT" skipped="0">
  <testcase classname="tests.AddreviewTEST" name="RegisterANDLogin" time="5.529"/>
  <testcase classname="tests.AddreviewTEST" name="SearchProduct" time="3.344"/>
  <testcase classname="tests.AddreviewTEST" name="addReview" time="8.532"/>
</testsuite> <!-- tests.AddreviewTEST -->
