<?xml version="1.0" encoding="UTF-8"?>
<!-- Generated by org.testng.reporters.JUnitReportReporter -->
<testsuite hostname="DESKTOP-9NEQMQ7" failures="0" tests="3" name="tests.CheckOutTest_ShipCase_payMeth" time="159.566" errors="0" timestamp="2023-11-14T12:57:50 WAT" skipped="0">
  <testcase classname="tests.CheckOutTest_ShipCase_payMeth" name="chekOut" time="36.348"/>
  <testcase classname="tests.CheckOutTest_ShipCase_payMeth" name="chekOut" time="77.625"/>
  <testcase classname="tests.CheckOutTest_ShipCase_payMeth" name="chekOut" time="45.593"/>
</testsuite> <!-- tests.CheckOutTest_ShipCase_payMeth -->
