<?xml version="1.0" encoding="UTF-8"?>
<!-- Generated by org.testng.reporters.JUnitReportReporter -->
<testsuite hostname="DESKTOP-9NEQMQ7" failures="0" tests="6" name="tests.WishListTest" time="13.936" errors="0" timestamp="2023-11-22T10:27:35 WAT" skipped="0">
  <testcase classname="tests.WishListTest" name="VerifyWishListEmpty" time="2.217"/>
  <testcase classname="tests.WishListTest" name="SearchProduct" time="4.993"/>
  <testcase classname="tests.WishListTest" name="addToWhishLIst" time="1.798"/>
  <testcase classname="tests.WishListTest" name="SearchsecondProduct" time="2.641"/>
  <testcase classname="tests.WishListTest" name="addsecondToWhishLIst" time="1.257"/>
  <testcase classname="tests.WishListTest" name="removeItemfromWhishList" time="1.030"/>
</testsuite> <!-- tests.WishListTest -->
