<?xml version="1.0" encoding="UTF-8"?>
<!-- Generated by org.testng.reporters.JUnitReportReporter -->
<testsuite hostname="DESKTOP-9NEQMQ7" failures="0" tests="1" name="tests.SearchProductTEST" time="1.187" errors="0" timestamp="2023-11-22T10:27:35 WAT" skipped="0">
  <testcase classname="tests.SearchProductTEST" name="SearchProduct" time="1.187"/>
</testsuite> <!-- tests.SearchProductTEST -->
