<?xml version="1.0" encoding="UTF-8"?>
<!-- Generated by org.testng.reporters.JUnitReportReporter -->
<testsuite hostname="DESKTOP-9NEQMQ7" failures="0" tests="3" name="tests.CompareProductTEST" time="28.399" errors="0" timestamp="2023-11-22T10:27:35 WAT" skipped="0">
  <testcase classname="tests.CompareProductTEST" name="HoverOverMenu" time="1.728"/>
  <testcase classname="tests.CompareProductTEST" name="addTocompareProd" time="23.036"/>
  <testcase classname="tests.CompareProductTEST" name="removeItem" time="3.635"/>
</testsuite> <!-- tests.CompareProductTEST -->
