<?xml version="1.0" encoding="UTF-8"?>
<!-- Generated by org.testng.reporters.JUnitReportReporter -->
<testsuite hostname="DESKTOP-9NEQMQ7" failures="0" tests="1" name="tests.LoginTEST" time="1.533" errors="0" timestamp="2023-11-13T18:21:13 WAT" skipped="0">
  <testcase classname="tests.LoginTEST" name="UserLogInSucess" time="1.533"/>
</testsuite> <!-- tests.LoginTEST -->
