<?xml version="1.0" encoding="UTF-8"?>
<!-- Generated by org.testng.reporters.JUnitReportReporter -->
<testsuite hostname="DESKTOP-9NEQMQ7" failures="0" tests="3" name="tests.ChangeCureencyTest" time="4.461" errors="0" timestamp="2023-11-22T10:27:35 WAT" skipped="0">
  <testcase classname="tests.ChangeCureencyTest" name="SearchProduct" time="0.912"/>
  <testcase classname="tests.ChangeCureencyTest" name="selectEuro" time="1.404"/>
  <testcase classname="tests.ChangeCureencyTest" name="selectUSdollar" time="2.145"/>
</testsuite> <!-- tests.ChangeCureencyTest -->
